<?xml version="1.0" encoding="UTF-8"?>
<!-- Generated by org.testng.reporters.JUnitXMLReporter -->
<testsuite ignored="1" hostname="DESKTOP-QCKQDIG" failures="0" tests="4" name="Default test" time="9.764" errors="0" timestamp="2025-02-22T21:00:25 GMT-08:00">
  <testcase classname="Test.GetandPostEx" name="Delete" time="2.804"/>
  <testcase classname="Test.GetandPostEx" name="Put" time="0.955"/>
  <testcase classname="Test.GetandPostEx" name="get_test" time="5.069"/>
  <testcase classname="Test.GetandPostEx" name="patch" time="0.883"/>
  <testcase classname="Test.GetandPostEx" name="post_test" time="0.0">
    <ignored/>
  </testcase> <!-- post_test -->
</testsuite> <!-- Default test -->
