<?xml version="1.0" encoding="UTF-8"?>
<testng-results ignored="0" total="1" passed="1" failed="0" skipped="0">
  <reporter-output>
  </reporter-output>
  <suite started-at="2025-02-20T22:14:18 GMT-08:00" name="Default suite" finished-at="2025-02-20T22:14:24 GMT-08:00" duration-ms="6744">
    <groups>
    </groups>
    <test started-at="2025-02-20T22:14:18 GMT-08:00" name="Default test" finished-at="2025-02-20T22:14:24 GMT-08:00" duration-ms="6744">
      <class name="Test.Soap_XMLRequest">
        <test-method signature="soapXML_Request()[pri:0, instance:Test.Soap_XMLRequest@505fc5a4]" started-at="2025-02-20T22:14:18 GMT-08:00" name="soapXML_Request" finished-at="2025-02-20T22:14:24 GMT-08:00" duration-ms="6685" status="PASS">
          <reporter-output>
          </reporter-output>
        </test-method> <!-- soapXML_Request -->
      </class> <!-- Test.Soap_XMLRequest -->
    </test> <!-- Default test -->
  </suite> <!-- Default suite -->
</testng-results>
